[debug] [2023-09-26T12:41:37.614Z] ----------------------------------------------------------------------
[debug] [2023-09-26T12:41:38.504Z] Command:       C:\Program Files\nodejs\node.exe C:\Users\DELL\AppData\Roaming\npm\node_modules\firebase-tools\lib\bin\firebase.js init
[debug] [2023-09-26T12:41:38.577Z] CLI Version:   12.5.4
[debug] [2023-09-26T12:41:38.586Z] Platform:      win32
[debug] [2023-09-26T12:41:38.596Z] Node Version:  v18.14.0
[debug] [2023-09-26T12:41:38.796Z] Time:          Tue Sep 26 2023 12:41:38 GMT+0000 (heure moyenne de Greenwich)
[debug] [2023-09-26T12:41:39.081Z] ----------------------------------------------------------------------
[debug] 
[debug] [2023-09-26T12:41:53.558Z] > command requires scopes: ["email","openid","https://www.googleapis.com/auth/cloudplatformprojects.readonly","https://www.googleapis.com/auth/firebase","https://www.googleapis.com/auth/cloud-platform"]
[debug] [2023-09-26T12:41:53.605Z] > authorizing via signed-in user (sanfonemmata@gmail.com)
[info] 
     ######## #### ########  ######## ########     ###     ######  ########
     ##        ##  ##     ## ##       ##     ##  ##   ##  ##       ##
     ######    ##  ########  ######   ########  #########  ######  ######
     ##        ##  ##    ##  ##       ##     ## ##     ##       ## ##
     ##       #### ##     ## ######## ########  ##     ##  ######  ########

You're about to initialize a Firebase project in this directory:

  C:\xampp\htdocs\MonPortFolio

Before we get started, keep in mind:

  * You are currently outside your home directory
  * You are initializing within an existing Firebase project directory

